TN:
SF:lib/agent/core.ts
FN:128,planAction
FN:138,(anonymous_5)
FN:165,resolveUserId
FN:174,executeAction
FN:181,(anonymous_8)
FN:336,summarizeResult
FN:374,addBucket
FN:437,listBuckets
FN:458,removeBucket
FN:499,requireS3Client
FN:540,verifyBucketConfigAction
FN:553,listObjects
FN:571,(anonymous_16)
FN:587,countObjects
FN:620,indexBucketAction
FN:659,getConversationHistory
FN:66,errorResponse
FN:683,saveConversationHistory
FN:78,generateRequestId
FN:84,sendMessageToAgent
FN:97,(anonymous_3)
FNDA:0,planAction
FNDA:0,(anonymous_5)
FNDA:0,resolveUserId
FNDA:0,executeAction
FNDA:0,(anonymous_8)
FNDA:0,summarizeResult
FNDA:0,addBucket
FNDA:0,listBuckets
FNDA:0,removeBucket
FNDA:0,requireS3Client
FNDA:0,verifyBucketConfigAction
FNDA:0,listObjects
FNDA:0,(anonymous_16)
FNDA:0,countObjects
FNDA:0,indexBucketAction
FNDA:0,getConversationHistory
FNDA:0,errorResponse
FNDA:0,saveConversationHistory
FNDA:0,generateRequestId
FNDA:0,sendMessageToAgent
FNDA:0,(anonymous_3)
FNF:21
FNH:0
DA:38,0
DA:71,0
DA:79,0
DA:88,0
DA:89,0
DA:90,0
DA:91,0
DA:94,0
DA:96,0
DA:97,0
DA:107,0
DA:114,0
DA:115,0
DA:116,0
DA:119,0
DA:121,0
DA:122,0
DA:132,0
DA:133,0
DA:135,0
DA:137,0
DA:138,0
DA:145,0
DA:153,0
DA:156,0
DA:157,0
DA:158,0
DA:161,0
DA:166,0
DA:171,0
DA:180,0
DA:181,0
DA:182,0
DA:184,0
DA:190,0
DA:193,0
DA:194,0
DA:197,0
DA:200,0
DA:202,0
DA:203,0
DA:206,0
DA:207,0
DA:210,0
DA:211,0
DA:214,0
DA:220,0
DA:223,0
DA:224,0
DA:225,0
DA:227,0
DA:229,0
DA:233,0
DA:234,0
DA:235,0
DA:237,0
DA:239,0
DA:243,0
DA:244,0
DA:245,0
DA:247,0
DA:249,0
DA:253,0
DA:254,0
DA:262,0
DA:263,0
DA:265,0
DA:267,0
DA:271,0
DA:277,0
DA:280,0
DA:288,0
DA:291,0
DA:298,0
DA:301,0
DA:309,0
DA:312,0
DA:313,0
DA:316,0
DA:321,0
DA:323,0
DA:328,0
DA:340,0
DA:341,0
DA:343,0
DA:345,0
DA:366,0
DA:367,0
DA:380,0
DA:381,0
DA:382,0
DA:383,0
DA:384,0
DA:386,0
DA:387,0
DA:393,0
DA:394,0
DA:398,0
DA:399,0
DA:401,0
DA:415,0
DA:416,0
DA:417,0
DA:422,0
DA:423,0
DA:426,0
DA:438,0
DA:439,0
DA:442,0
DA:450,0
DA:451,0
DA:452,0
DA:455,0
DA:464,0
DA:465,0
DA:468,0
DA:469,0
DA:472,0
DA:478,0
DA:479,0
DA:480,0
DA:483,0
DA:505,0
DA:506,0
DA:511,0
DA:512,0
DA:517,0
DA:518,0
DA:519,0
DA:523,0
DA:524,0
DA:528,0
DA:534,0
DA:535,0
DA:537,0
DA:546,0
DA:547,0
DA:549,0
DA:550,0
DA:561,0
DA:562,0
DA:564,0
DA:565,0
DA:566,0
DA:568,0
DA:571,0
DA:580,0
DA:594,0
DA:595,0
DA:597,0
DA:598,0
DA:600,0
DA:601,0
DA:602,0
DA:603,0
DA:606,0
DA:613,0
DA:628,0
DA:629,0
DA:631,0
DA:632,0
DA:639,0
DA:650,0
DA:664,0
DA:665,0
DA:670,0
DA:674,0
DA:680,0
DA:689,0
DA:691,0
DA:692,0
DA:701,0
DA:705,0
LF:173
LH:0
end_of_record
TN:
SF:lib/agent/system-prompt.ts
FNF:0
FNH:0
DA:6,0
DA:57,0
LF:2
LH:0
end_of_record
TN:
SF:lib/auth/cli-auth.ts
FN:100,(anonymous_8)
FN:122,(anonymous_9)
FN:170,refreshSession
FN:216,whoami
FN:27,ensureConfigDir
FN:33,loadCredentials
FN:42,saveCredentials
FN:47,clearCredentials
FN:57,openBrowser
FN:65,(anonymous_5)
FN:80,resolveApiConfig
FN:88,login
FNDA:0,(anonymous_8)
FNDA:10,(anonymous_9)
FNDA:0,refreshSession
FNDA:0,whoami
FNDA:6,ensureConfigDir
FNDA:0,loadCredentials
FNDA:6,saveCredentials
FNDA:0,clearCredentials
FNDA:13,openBrowser
FNDA:1,(anonymous_5)
FNDA:9,resolveApiConfig
FNDA:9,login
FNF:12
FNH:7
DA:15,2
DA:16,2
DA:28,6
DA:29,0
DA:34,0
DA:35,0
DA:36,0
DA:38,0
DA:43,6
DA:44,6
DA:48,0
DA:49,0
DA:59,13
DA:65,13
DA:66,1
DA:67,1
DA:81,9
DA:82,9
DA:83,9
DA:89,9
DA:90,9
DA:93,9
DA:99,9
DA:100,0
DA:101,0
DA:102,0
DA:106,9
DA:109,9
DA:110,9
DA:111,9
DA:114,9
DA:115,9
DA:117,9
DA:118,11
DA:119,1
DA:122,10
DA:124,10
DA:130,10
DA:131,0
DA:134,10
DA:136,10
DA:138,8
DA:139,1
DA:142,7
DA:143,1
DA:146,6
DA:148,6
DA:157,6
DA:158,6
DA:162,0
DA:163,0
DA:171,0
DA:172,0
DA:175,0
DA:176,0
DA:179,0
DA:180,0
DA:184,0
DA:187,0
DA:193,0
DA:195,0
DA:196,0
DA:199,0
DA:201,0
DA:210,0
DA:211,0
DA:217,0
LF:67
LH:38
end_of_record
TN:
SF:lib/auth/device-codes.ts
FN:13,generateUserCode
FN:27,generateDeviceCode
FNDA:251,generateUserCode
FNDA:2,generateDeviceCode
FNF:2
FNH:2
DA:7,1
DA:14,251
DA:15,251
DA:16,251
DA:18,2008
DA:20,251
DA:28,2
LF:7
LH:7
end_of_record
TN:
SF:lib/crypto/encryption-versioned.ts
FN:117,(anonymous_4)
FN:137,(anonymous_5)
FN:143,(anonymous_6)
FN:164,getEncryptionVersion
FN:175,needsMigration
FN:41,getAvailableKeys
FN:73,encryptSecretVersioned
FN:77,(anonymous_2)
FN:96,decryptSecretVersioned
FNDA:27,(anonymous_4)
FNDA:71,(anonymous_5)
FNDA:1,(anonymous_6)
FNDA:19,getEncryptionVersion
FNDA:11,needsMigration
FNDA:85,getAvailableKeys
FNDA:39,encryptSecretVersioned
FNDA:76,(anonymous_2)
FNDA:46,decryptSecretVersioned
FNF:9
FNH:9
DA:42,85
DA:45,85
DA:46,80
DA:50,85
DA:51,84
DA:55,85
DA:56,1
DA:59,85
DA:65,2
DA:76,39
DA:77,76
DA:79,39
DA:80,1
DA:86,38
DA:87,38
DA:99,46
DA:101,46
DA:102,0
DA:108,46
DA:112,46
DA:114,8
DA:116,8
DA:117,27
DA:118,17
DA:120,17
DA:121,17
DA:124,9
DA:128,0
DA:134,38
DA:135,38
DA:137,71
DA:139,38
DA:140,1
DA:143,1
DA:147,37
DA:148,37
DA:150,2
DA:165,19
DA:166,19
DA:176,11
LF:40
LH:38
end_of_record
TN:
SF:lib/crypto/encryption.ts
FN:45,decryptSecret
FN:6,encryptSecret
FNDA:65,decryptSecret
FNDA:58,encryptSecret
FNF:2
FNH:2
DA:7,58
DA:8,1
DA:11,57
DA:12,57
DA:13,57
DA:16,57
DA:19,57
DA:28,57
DA:31,57
DA:38,57
DA:39,57
DA:40,57
DA:42,57
DA:46,65
DA:47,1
DA:50,64
DA:51,64
DA:52,64
DA:55,64
DA:58,64
DA:67,64
DA:70,64
DA:71,64
DA:75,64
DA:76,64
DA:82,14
DA:88,50
LF:27
LH:27
end_of_record
TN:
SF:lib/logger.ts
FN:29,createLogger
FN:30,log
FN:62,(anonymous_2)
FN:63,(anonymous_3)
FN:64,(anonymous_4)
FN:65,(anonymous_5)
FNDA:18,createLogger
FNDA:31,log
FNDA:9,(anonymous_2)
FNDA:17,(anonymous_3)
FNDA:2,(anonymous_4)
FNDA:3,(anonymous_5)
FNF:6
FNH:6
DA:3,5
DA:35,31
DA:42,31
DA:43,31
DA:44,1
DA:47,31
DA:48,17
DA:49,41
DA:50,1
DA:51,1
DA:53,40
DA:58,31
DA:61,18
DA:62,9
DA:63,17
DA:64,2
DA:65,3
LF:17
LH:17
end_of_record
TN:
SF:lib/media/bucket-service.ts
FN:124,(anonymous_1)
FN:165,createS3ClientFromConfig
FN:177,testBucketConnectivity
FN:216,scanBucket
FN:241,(anonymous_5)
FN:243,(anonymous_6)
FN:249,(anonymous_7)
FN:250,(anonymous_8)
FN:315,(anonymous_9)
FN:317,(anonymous_10)
FN:323,(anonymous_11)
FN:340,enrichBucketPending
FN:362,(anonymous_13)
FN:367,(anonymous_14)
FN:399,(anonymous_15)
FN:400,(anonymous_16)
FN:92,getBucketConfig
FNDA:0,(anonymous_1)
FNDA:0,createS3ClientFromConfig
FNDA:0,testBucketConnectivity
FNDA:0,scanBucket
FNDA:0,(anonymous_5)
FNDA:0,(anonymous_6)
FNDA:0,(anonymous_7)
FNDA:0,(anonymous_8)
FNDA:0,(anonymous_9)
FNDA:0,(anonymous_10)
FNDA:0,(anonymous_11)
FNDA:0,enrichBucketPending
FNDA:0,(anonymous_13)
FNDA:0,(anonymous_14)
FNDA:0,(anonymous_15)
FNDA:0,(anonymous_16)
FNDA:0,getBucketConfig
FNF:17
FNH:0
DA:40,0
DA:79,0
DA:97,0
DA:100,0
DA:101,0
DA:103,0
DA:110,0
DA:111,0
DA:112,0
DA:114,0
DA:116,0
DA:117,0
DA:120,0
DA:121,0
DA:122,0
DA:124,0
DA:125,0
DA:126,0
DA:134,0
DA:135,0
DA:137,0
DA:140,0
DA:148,0
DA:153,0
DA:154,0
DA:158,0
DA:166,0
DA:181,0
DA:182,0
DA:183,0
DA:186,0
DA:187,0
DA:194,0
DA:197,0
DA:198,0
DA:205,0
DA:228,0
DA:229,0
DA:230,0
DA:231,0
DA:233,0
DA:236,0
DA:237,0
DA:238,0
DA:240,0
DA:241,0
DA:243,0
DA:244,0
DA:246,0
DA:248,0
DA:250,0
DA:251,0
DA:252,0
DA:253,0
DA:254,0
DA:256,0
DA:269,0
DA:271,0
DA:274,0
DA:275,0
DA:282,0
DA:283,0
DA:284,0
DA:285,0
DA:286,0
DA:287,0
DA:288,0
DA:290,0
DA:294,0
DA:302,0
DA:304,0
DA:314,0
DA:315,0
DA:317,0
DA:319,0
DA:323,0
DA:326,0
DA:351,0
DA:352,0
DA:355,0
DA:356,0
DA:357,0
DA:361,0
DA:362,0
DA:366,0
DA:367,0
DA:370,0
DA:371,0
DA:379,0
DA:380,0
DA:384,0
DA:385,0
DA:394,0
DA:395,0
DA:396,0
DA:397,0
DA:399,0
DA:400,0
DA:401,0
DA:403,0
DA:408,0
DA:409,0
DA:410,0
DA:413,0
DA:414,0
DA:415,0
DA:416,0
DA:417,0
DA:418,0
DA:419,0
DA:421,0
DA:422,0
DA:430,0
DA:432,0
LF:114
LH:0
end_of_record
TN:
SF:lib/media/constants.ts
FNF:0
FNH:0
DA:5,14
DA:15,14
DA:16,14
DA:17,14
DA:18,14
DA:20,14
DA:26,14
LF:7
LH:7
end_of_record
TN:
SF:lib/media/db.ts
FN:104,queryEvents
FN:158,(anonymous_6)
FN:180,showEvent
FN:204,getStats
FN:233,(anonymous_9)
FN:271,getEnrichStatus
FN:291,(anonymous_11)
FN:311,insertEvent
FN:312,(anonymous_13)
FN:328,insertEnrichment
FN:334,(anonymous_15)
FN:35,shouldRetryDbError
FN:354,upsertWatchedKey
FN:363,(anonymous_17)
FN:387,getWatchedKeys
FN:395,findEventByHash
FN:416,findDuplicateGroups
FN:433,getPendingEnrichments
FN:45,withRetryDb
FN:451,(anonymous_22)
FN:452,(anonymous_23)
FN:469,getModelConfig
FN:49,(anonymous_2)
FN:62,getAdminClient
FN:69,getUserClient
FNDA:3,queryEvents
FNDA:3,(anonymous_6)
FNDA:0,showEvent
FNDA:2,getStats
FNDA:10,(anonymous_9)
FNDA:1,getEnrichStatus
FNDA:2,(anonymous_11)
FNDA:3,insertEvent
FNDA:3,(anonymous_13)
FNDA:2,insertEnrichment
FNDA:2,(anonymous_15)
FNDA:0,shouldRetryDbError
FNDA:2,upsertWatchedKey
FNDA:2,(anonymous_17)
FNDA:0,getWatchedKeys
FNDA:0,findEventByHash
FNDA:0,findDuplicateGroups
FNDA:0,getPendingEnrichments
FNDA:7,withRetryDb
FNDA:0,(anonymous_22)
FNDA:0,(anonymous_23)
FNDA:0,getModelConfig
FNDA:7,(anonymous_2)
FNDA:0,getAdminClient
FNDA:0,getUserClient
FNF:25
FNH:14
DA:17,1
DA:33,1
DA:36,0
DA:37,0
DA:38,0
DA:48,7
DA:49,7
DA:50,7
DA:51,7
DA:52,7
DA:55,0
DA:63,0
DA:64,0
DA:65,0
DA:70,0
DA:71,0
DA:72,0
DA:105,3
DA:108,3
DA:109,0
DA:114,0
DA:118,3
DA:119,2
DA:128,2
DA:133,2
DA:137,1
DA:138,3
DA:145,3
DA:146,1
DA:147,1
DA:148,1
DA:149,1
DA:150,1
DA:152,1
DA:158,1
DA:159,3
DA:160,3
DA:161,0
DA:162,3
DA:163,2
DA:165,3
DA:166,3
DA:169,3
DA:175,3
DA:181,0
DA:185,0
DA:187,0
DA:188,0
DA:191,0
DA:192,0
DA:193,0
DA:194,0
DA:195,0
DA:197,0
DA:199,0
DA:205,2
DA:206,2
DA:208,2
DA:209,2
DA:210,2
DA:212,2
DA:213,2
DA:214,2
DA:215,2
DA:217,2
DA:218,0
DA:219,0
DA:223,2
DA:232,2
DA:233,10
DA:234,2
DA:235,0
DA:238,2
DA:239,2
DA:240,4
DA:243,2
DA:244,2
DA:245,2
DA:248,2
DA:249,2
DA:250,2
DA:253,2
DA:255,2
DA:272,1
DA:277,1
DA:281,1
DA:282,1
DA:283,1
DA:286,1
DA:291,2
DA:292,1
DA:293,0
DA:296,1
DA:297,1
DA:299,1
DA:312,3
DA:313,3
DA:319,3
DA:320,3
DA:323,3
DA:334,2
DA:335,2
DA:345,2
DA:346,2
DA:349,2
DA:363,2
DA:364,2
DA:378,2
DA:379,2
DA:382,2
DA:388,0
DA:389,0
DA:390,0
DA:396,0
DA:401,0
DA:402,0
DA:423,0
DA:434,0
DA:440,0
DA:441,0
DA:443,0
DA:445,0
DA:446,0
DA:447,0
DA:449,0
DA:451,0
DA:452,0
DA:470,0
DA:476,0
DA:478,0
LF:130
LH:82
end_of_record
TN:
SF:lib/media/enrichment.ts
FN:107,fetchWithRetry
FN:118,(anonymous_6)
FN:127,(anonymous_7)
FN:131,(anonymous_8)
FN:147,(anonymous_9)
FN:157,enrichViaOpenAICompat
FN:209,enrichImage
FN:306,batchEnrichImages
FN:316,(anonymous_13)
FN:317,(anonymous_14)
FN:46,getAnthropicClient
FN:54,_resetAnthropicClient
FN:58,coerceToStringArray
FN:64,parseJsonResponse
FN:93,buildEmptyResult
FNDA:0,fetchWithRetry
FNDA:0,(anonymous_6)
FNDA:0,(anonymous_7)
FNDA:0,(anonymous_8)
FNDA:0,(anonymous_9)
FNDA:0,enrichViaOpenAICompat
FNDA:0,enrichImage
FNDA:0,batchEnrichImages
FNDA:0,(anonymous_13)
FNDA:0,(anonymous_14)
FNDA:0,getAnthropicClient
FNDA:0,_resetAnthropicClient
FNDA:0,coerceToStringArray
FNDA:0,parseJsonResponse
FNDA:0,buildEmptyResult
FNF:15
FNH:0
DA:18,0
DA:44,0
DA:47,0
DA:48,0
DA:50,0
DA:55,0
DA:59,0
DA:60,0
DA:61,0
DA:65,0
DA:68,0
DA:69,0
DA:75,0
DA:76,0
DA:78,0
DA:79,0
DA:81,0
DA:82,0
DA:84,0
DA:86,0
DA:87,0
DA:89,0
DA:94,0
DA:105,0
DA:112,0
DA:113,0
DA:114,0
DA:115,0
DA:117,0
DA:118,0
DA:119,0
DA:124,0
DA:125,0
DA:126,0
DA:127,0
DA:128,0
DA:131,0
DA:132,0
DA:136,0
DA:139,0
DA:140,0
DA:141,0
DA:147,0
DA:148,0
DA:150,0
DA:154,0
DA:162,0
DA:163,0
DA:165,0
DA:178,0
DA:179,0
DA:188,0
DA:189,0
DA:191,0
DA:198,0
DA:215,0
DA:218,0
DA:219,0
DA:220,0
DA:225,0
DA:228,0
DA:229,0
DA:236,0
DA:237,0
DA:241,0
DA:242,0
DA:244,0
DA:270,0
DA:273,0
DA:274,0
DA:281,0
DA:286,0
DA:288,0
DA:289,0
DA:292,0
DA:295,0
DA:310,0
DA:311,0
DA:312,0
DA:313,0
DA:314,0
DA:316,0
DA:317,0
DA:318,0
DA:319,0
DA:320,0
DA:321,0
DA:323,0
DA:325,0
DA:327,0
DA:328,0
DA:332,0
DA:337,0
DA:339,0
DA:347,0
DA:354,0
LF:96
LH:0
end_of_record
TN:
SF:lib/media/s3-errors.ts
FN:1,(anonymous_0)
FN:20,classifyS3Error
FNDA:3,(anonymous_0)
FNDA:0,classifyS3Error
FNF:2
FNH:1
DA:1,3
DA:2,3
DA:3,3
DA:4,3
DA:5,3
DA:6,3
DA:7,3
DA:8,3
DA:11,3
DA:18,3
DA:22,0
DA:23,0
DA:24,0
DA:28,0
DA:29,0
DA:30,0
DA:31,0
DA:32,0
DA:33,0
DA:36,0
DA:37,0
DA:40,0
DA:41,0
DA:43,0
LF:24
LH:10
end_of_record
TN:
SF:lib/media/s3.ts
FN:188,downloadS3Object
FN:217,uploadS3Object
FN:35,createS3Client
FN:64,listS3Objects
FNDA:1,downloadS3Object
FNDA:6,uploadS3Object
FNDA:3,createS3Client
FNDA:4,listS3Objects
FNF:4
FNH:4
DA:17,3
DA:19,3
DA:36,3
DA:37,3
DA:39,3
DA:41,3
DA:43,3
DA:69,4
DA:72,4
DA:74,4
DA:75,4
DA:76,4
DA:77,4
DA:78,0
DA:83,4
DA:92,4
DA:93,4
DA:94,0
DA:99,4
DA:108,4
DA:109,0
DA:114,4
DA:120,4
DA:127,4
DA:129,0
DA:130,0
DA:131,0
DA:138,0
DA:139,0
DA:140,0
DA:141,0
DA:142,0
DA:147,0
DA:156,0
DA:157,0
DA:158,0
DA:163,0
DA:172,0
DA:177,0
DA:185,4
DA:193,1
DA:194,1
DA:195,0
DA:198,1
DA:199,1
DA:202,1
DA:203,1
DA:205,0
DA:206,0
DA:207,0
DA:213,0
DA:224,6
DA:232,6
DA:233,6
DA:234,0
DA:236,6
LF:56
LH:32
end_of_record
TN:
SF:lib/media/utils.ts
FN:12,sha256Bytes
FN:16,newEventId
FN:20,nowIso
FN:24,detectContentType
FN:33,isMediaKey
FN:38,getMimeType
FN:42,humanSize
FN:52,s3Metadata
FNDA:8,sha256Bytes
FNDA:1013,newEventId
FNDA:1,nowIso
FNDA:19,detectContentType
FNDA:11,isMediaKey
FNDA:4,getMimeType
FNDA:6,humanSize
FNDA:1,s3Metadata
FNF:8
FNH:8
DA:10,1
DA:13,8
DA:17,1013
DA:21,1
DA:25,19
DA:26,19
DA:27,16
DA:28,16
DA:30,3
DA:34,11
DA:35,11
DA:39,4
DA:43,6
DA:44,13
DA:45,6
DA:47,7
DA:49,0
DA:53,1
LF:18
LH:17
end_of_record
TN:
SF:lib/media/validation.ts
FN:125,validateBucketConfig
FN:22,(anonymous_0)
FN:26,(anonymous_1)
FN:31,(anonymous_2)
FN:36,(anonymous_3)
FN:48,validateImage
FN:87,validateS3Key
FNDA:12,validateBucketConfig
FNDA:8,(anonymous_0)
FNDA:2,(anonymous_1)
FNDA:1,(anonymous_2)
FNDA:1,(anonymous_3)
FNDA:19,validateImage
FNDA:12,validateS3Key
FNF:7
FNH:7
DA:7,4
DA:9,4
DA:19,4
DA:22,8
DA:27,2
DA:32,1
DA:37,1
DA:52,19
DA:54,19
DA:55,1
DA:58,18
DA:59,2
DA:60,2
DA:65,18
DA:67,19
DA:68,4
DA:72,14
DA:73,14
DA:74,2
DA:77,12
DA:78,4
DA:84,18
DA:88,12
DA:90,12
DA:91,1
DA:94,12
DA:95,2
DA:98,12
DA:99,2
DA:102,12
DA:103,12
DA:104,3230
DA:105,3230
DA:106,2
DA:107,2
DA:110,12
DA:111,2
DA:114,12
DA:128,12
DA:130,12
DA:131,2
DA:134,12
DA:138,1
DA:141,12
DA:145,1
DA:148,12
DA:153,10
DA:154,10
DA:155,10
DA:156,1
DA:161,2
DA:165,12
DA:170,1
DA:173,12
LF:54
LH:54
end_of_record
TN:
SF:lib/request-context.ts
FN:5,runWithRequestId
FN:9,getRequestId
FNDA:6,runWithRequestId
FNDA:39,getRequestId
FNF:2
FNH:2
DA:3,5
DA:6,6
DA:10,39
LF:3
LH:3
end_of_record
TN:
SF:lib/retry.ts
FN:22,(anonymous_0)
FN:29,(anonymous_1)
FN:30,(anonymous_2)
FN:32,withRetry
FNDA:19,(anonymous_0)
FNDA:0,(anonymous_1)
FNDA:0,(anonymous_2)
FNDA:24,withRetry
FNF:4
FNH:2
DA:1,2
DA:18,2
DA:23,19
DA:24,19
DA:25,14
DA:29,2
DA:30,0
DA:36,24
DA:37,24
DA:41,24
DA:42,38
DA:43,38
DA:45,22
DA:47,22
DA:48,8
DA:51,14
DA:56,14
DA:57,3
DA:60,14
DA:64,0
LF:20
LH:18
end_of_record
TN:
SF:lib/supabase/api-auth.ts
FN:20,authenticateRequest
FN:61,isAuthenticated
FNDA:4,authenticateRequest
FNDA:6,isAuthenticated
FNF:2
FNH:2
DA:23,4
DA:24,4
DA:25,2
DA:31,2
DA:33,2
DA:46,2
DA:48,2
DA:49,1
DA:55,1
DA:64,6
LF:10
LH:10
end_of_record
TN:
SF:lib/supabase/client.ts
FN:3,createClient
FNDA:0,createClient
FNF:1
FNH:0
DA:4,0
LF:1
LH:0
end_of_record
TN:
SF:lib/supabase/proxy.ts
FN:23,(anonymous_1)
FN:26,(anonymous_2)
FN:27,(anonymous_3)
FN:33,(anonymous_4)
FN:5,updateSession
FNDA:0,(anonymous_1)
FNDA:0,(anonymous_2)
FNDA:0,(anonymous_3)
FNDA:0,(anonymous_4)
FNDA:0,updateSession
FNF:5
FNH:0
DA:6,0
DA:12,0
DA:13,0
DA:18,0
DA:24,0
DA:27,0
DA:28,0
DA:30,0
DA:33,0
DA:34,0
DA:47,0
DA:48,0
DA:50,0
DA:57,0
DA:58,0
DA:59,0
DA:75,0
LF:17
LH:0
end_of_record
TN:
SF:lib/supabase/server.ts
FN:17,(anonymous_1)
FN:20,(anonymous_2)
FN:22,(anonymous_3)
FN:9,createClient
FNDA:0,(anonymous_1)
FNDA:0,(anonymous_2)
FNDA:0,(anonymous_3)
FNDA:0,createClient
FNF:4
FNH:0
DA:10,0
DA:12,0
DA:18,0
DA:21,0
DA:22,0
DA:23,0
LF:6
LH:0
end_of_record
TN:
SF:lib/utils.ts
FN:4,cn
FNDA:0,cn
FNF:1
FNH:0
DA:5,0
DA:10,1
LF:2
LH:1
end_of_record
